<?xml version="1.0" encoding="UTF-8"?>
<testng-results skipped="0" failed="0" total="1" passed="1">
  <reporter-output>
  </reporter-output>
  <suite name="Default suite" duration-ms="44721" started-at="2018-02-16T21:32:51Z" finished-at="2018-02-16T21:33:36Z">
    <groups>
    </groups>
    <test name="Default test" duration-ms="44721" started-at="2018-02-16T21:32:51Z" finished-at="2018-02-16T21:33:36Z">
      <class name="company.project.AppTest2">
        <test-method status="PASS" signature="testApp()" name="testApp" duration-ms="44686" started-at="2018-02-16T21:32:51Z" finished-at="2018-02-16T21:33:36Z">
        </test-method>
      </class>
    </test>
  </suite>
</testng-results>
